# JRE version: Java(TM) SE Runtime Environment (20.0.1+9) (build 20.0.1+9-29)
# Java VM: Java HotSpot(TM) 64-Bit Server VM (20.0.1+9-29, mixed mode, sharing, tiered, compressed oops, compressed class ptrs, g1 gc, windows-amd64)
GC Precious Log:
 CardTable entry size: 512
 Card Set container configuration: InlinePtr #cards 4 size 8 Array Of Cards #cards 16 size 48 Howl #buckets 8 coarsen threshold 3686 Howl Bitmap #cards 512 size 80 coarsen threshold 460 Card regions per heap region 1 cards per card region 4096
 CPUs: 8 total, 8 available
 Memory: 16275M
 Large Page Support: Disabled
 NUMA Support: Disabled
 Compressed Oops: Enabled (Zero based)
 Heap Region Size: 2M
 Heap Min Capacity: 8M
 Heap Initial Capacity: 256M
 Heap Max Capacity: 4070M
 Pre-touch: Disabled
 Parallel Workers: 8
 Concurrent Workers: 2
 Concurrent Refinement Workers: 8
 Periodic GC: Disabled
Heap:
 garbage-first heap   total 212992K, used 78822K [0x0000000701a00000, 0x0000000800000000)
  region size 2048K, 24 young (49152K), 2 survivors (4096K)
 Metaspace       used 76144K, committed 76928K, reserved 1179648K
  class space    used 9930K, committed 10304K, reserved 1048576K
GC Heap History (20 events):
Event: 2989.942 GC heap before
{Heap before GC invocations=326 (full 0):
 garbage-first heap   total 212992K, used 159379K [0x0000000701a00000, 0x0000000800000000)
  region size 2048K, 62 young (126976K), 1 survivors (2048K)
 Metaspace       used 76076K, committed 76864K, reserved 1179648K
  class space    used 9930K, committed 10304K, reserved 1048576K
}
Event: 2989.944 GC heap after
{Heap after GC invocations=327 (full 0):
 garbage-first heap   total 212992K, used 38736K [0x0000000701a00000, 0x0000000800000000)
  region size 2048K, 2 young (4096K), 2 survivors (4096K)
 Metaspace       used 76076K, committed 76864K, reserved 1179648K
  class space    used 9930K, committed 10304K, reserved 1048576K
}
Event: 2990.300 GC heap before
{Heap before GC invocations=327 (full 0):
 garbage-first heap   total 212992K, used 159568K [0x0000000701a00000, 0x0000000800000000)
  region size 2048K, 62 young (126976K), 2 survivors (4096K)
 Metaspace       used 76076K, committed 76864K, reserved 1179648K
  class space    used 9930K, committed 10304K, reserved 1048576K
}
Event: 2990.302 GC heap after
{Heap after GC invocations=328 (full 0):
 garbage-first heap   total 212992K, used 35729K [0x0000000701a00000, 0x0000000800000000)
  region size 2048K, 1 young (2048K), 1 survivors (2048K)
 Metaspace       used 76076K, committed 76864K, reserved 1179648K
  class space    used 9930K, committed 10304K, reserved 1048576K
}
Event: 2990.807 GC heap before
{Heap before GC invocations=328 (full 0):
 garbage-first heap   total 212992K, used 158609K [0x0000000701a00000, 0x0000000800000000)
  region size 2048K, 62 young (126976K), 1 survivors (2048K)
 Metaspace       used 76076K, committed 76864K, reserved 1179648K
  class space    used 9930K, committed 10304K, reserved 1048576K
}
Event: 2990.809 GC heap after
{Heap after GC invocations=329 (full 0):
 garbage-first heap   total 212992K, used 36846K [0x0000000701a00000, 0x0000000800000000)
  region size 2048K, 1 young (2048K), 1 survivors (2048K)
 Metaspace       used 76076K, committed 76864K, reserved 1179648K
  class space    used 9930K, committed 10304K, reserved 1048576K
}
Event: 2991.246 GC heap before
{Heap before GC invocations=329 (full 0):
 garbage-first heap   total 212992K, used 159726K [0x0000000701a00000, 0x0000000800000000)
  region size 2048K, 62 young (126976K), 1 survivors (2048K)
 Metaspace       used 76076K, committed 76864K, reserved 1179648K
  class space    used 9930K, committed 10304K, reserved 1048576K
}
Event: 2991.247 GC heap after
{Heap after GC invocations=330 (full 0):
 garbage-first heap   total 212992K, used 36714K [0x0000000701a00000, 0x0000000800000000)
  region size 2048K, 1 young (2048K), 1 survivors (2048K)
 Metaspace       used 76076K, committed 76864K, reserved 1179648K
  class space    used 9930K, committed 10304K, reserved 1048576K
}
Event: 2991.717 GC heap before
{Heap before GC invocations=330 (full 0):
 garbage-first heap   total 212992K, used 159594K [0x0000000701a00000, 0x0000000800000000)
  region size 2048K, 62 young (126976K), 1 survivors (2048K)
 Metaspace       used 76076K, committed 76864K, reserved 1179648K
  class space    used 9930K, committed 10304K, reserved 1048576K
}
Event: 2991.719 GC heap after
{Heap after GC invocations=331 (full 0):
 garbage-first heap   total 212992K, used 36785K [0x0000000701a00000, 0x0000000800000000)
  region size 2048K, 1 young (2048K), 1 survivors (2048K)
 Metaspace       used 76076K, committed 76864K, reserved 1179648K
  class space    used 9930K, committed 10304K, reserved 1048576K
}
Event: 2992.149 GC heap before
{Heap before GC invocations=331 (full 0):
 garbage-first heap   total 212992K, used 159665K [0x0000000701a00000, 0x0000000800000000)
  region size 2048K, 62 young (126976K), 1 survivors (2048K)
 Metaspace       used 76076K, committed 76864K, reserved 1179648K
  class space    used 9930K, committed 10304K, reserved 1048576K
}
Event: 2992.150 GC heap after
{Heap after GC invocations=332 (full 0):
 garbage-first heap   total 212992K, used 36562K [0x0000000701a00000, 0x0000000800000000)
  region size 2048K, 1 young (2048K), 1 survivors (2048K)
 Metaspace       used 76076K, committed 76864K, reserved 1179648K
  class space    used 9930K, committed 10304K, reserved 1048576K
}
Event: 2992.547 GC heap before
{Heap before GC invocations=332 (full 0):
 garbage-first heap   total 212992K, used 159442K [0x0000000701a00000, 0x0000000800000000)
  region size 2048K, 62 young (126976K), 1 survivors (2048K)
 Metaspace       used 76076K, committed 76864K, reserved 1179648K
  class space    used 9930K, committed 10304K, reserved 1048576K
}
Event: 2992.548 GC heap after
{Heap after GC invocations=333 (full 0):
 garbage-first heap   total 212992K, used 36711K [0x0000000701a00000, 0x0000000800000000)
  region size 2048K, 1 young (2048K), 1 survivors (2048K)
 Metaspace       used 76076K, committed 76864K, reserved 1179648K
  class space    used 9930K, committed 10304K, reserved 1048576K
}
Event: 2993.044 GC heap before
{Heap before GC invocations=333 (full 0):
 garbage-first heap   total 212992K, used 159591K [0x0000000701a00000, 0x0000000800000000)
  region size 2048K, 62 young (126976K), 1 survivors (2048K)
 Metaspace       used 76078K, committed 76864K, reserved 1179648K
  class space    used 9930K, committed 10304K, reserved 1048576K
}
Event: 2993.046 GC heap after
{Heap after GC invocations=334 (full 0):
 garbage-first heap   total 212992K, used 36429K [0x0000000701a00000, 0x0000000800000000)
  region size 2048K, 1 young (2048K), 1 survivors (2048K)
 Metaspace       used 76078K, committed 76864K, reserved 1179648K
  class space    used 9930K, committed 10304K, reserved 1048576K
}
Event: 2993.283 GC heap before
{Heap before GC invocations=334 (full 0):
 garbage-first heap   total 212992K, used 159309K [0x0000000701a00000, 0x0000000800000000)
  region size 2048K, 62 young (126976K), 1 survivors (2048K)
 Metaspace       used 76085K, committed 76864K, reserved 1179648K
  class space    used 9930K, committed 10304K, reserved 1048576K
}
Event: 2993.285 GC heap after
{Heap after GC invocations=335 (full 0):
 garbage-first heap   total 212992K, used 38065K [0x0000000701a00000, 0x0000000800000000)
  region size 2048K, 2 young (4096K), 2 survivors (4096K)
 Metaspace       used 76085K, committed 76864K, reserved 1179648K
  class space    used 9930K, committed 10304K, reserved 1048576K
}
Event: 2993.524 GC heap before
{Heap before GC invocations=335 (full 0):
 garbage-first heap   total 212992K, used 158897K [0x0000000701a00000, 0x0000000800000000)
  region size 2048K, 62 young (126976K), 2 survivors (4096K)
 Metaspace       used 76105K, committed 76864K, reserved 1179648K
  class space    used 9930K, committed 10304K, reserved 1048576K
}
Event: 2993.525 GC heap after
{Heap after GC invocations=336 (full 0):
 garbage-first heap   total 212992K, used 35239K [0x0000000701a00000, 0x0000000800000000)
  region size 2048K, 1 young (2048K), 1 survivors (2048K)
 Metaspace       used 76105K, committed 76864K, reserved 1179648K
  class space    used 9930K, committed 10304K, reserved 1048576K
}

